<?xml version="1.0" encoding="UTF-8"?>
<testng-results ignored="0" total="3" passed="3" failed="0" skipped="0">
  <reporter-output>
  </reporter-output>
  <suite started-at="2022-04-26T16:26:49 IST" name="Suite" finished-at="2022-04-26T16:27:06 IST" duration-ms="16497">
    <groups>
    </groups>
    <test started-at="2022-04-26T16:26:49 IST" name="Test" finished-at="2022-04-26T16:27:06 IST" duration-ms="16497">
      <class name="com.simplilearn.demo.Assertion">
        <test-method signature="launch()[pri:0, instance:com.simplilearn.demo.Assertion@57d7f8ca]" started-at="2022-04-26T16:26:49 IST" name="launch" finished-at="2022-04-26T16:26:57 IST" duration-ms="7953" status="PASS">
          <reporter-output>
          </reporter-output>
        </test-method> <!-- launch -->
        <test-method signature="TryFacebook()[pri:0, instance:com.simplilearn.demo.Assertion@57d7f8ca]" started-at="2022-04-26T16:26:57 IST" name="TryFacebook" finished-at="2022-04-26T16:27:02 IST" depends-on-methods="com.simplilearn.demo.Assertion.launch" duration-ms="4936" status="PASS">
          <reporter-output>
          </reporter-output>
        </test-method> <!-- TryFacebook -->
        <test-method signature="login()[pri:0, instance:com.simplilearn.demo.Assertion@57d7f8ca]" started-at="2022-04-26T16:27:02 IST" name="login" finished-at="2022-04-26T16:27:06 IST" depends-on-methods="com.simplilearn.demo.Assertion.TryFacebook" duration-ms="3504" status="PASS">
          <reporter-output>
          </reporter-output>
        </test-method> <!-- login -->
      </class> <!-- com.simplilearn.demo.Assertion -->
    </test> <!-- Test -->
  </suite> <!-- Suite -->
</testng-results>
