<?xml version="1.0" encoding="UTF-8"?>
<!-- Generated by org.testng.reporters.JUnitXMLReporter -->
<testsuite ignored="0" hostname="DESKTOP-M888G10" failures="0" tests="3" name="Default test" time="17.819" errors="0" timestamp="2022-04-26T16:17:14 IST">
  <testcase classname="com.simplilearn.demo.Assertion" name="launch" time="9.11"/>
  <testcase classname="com.simplilearn.demo.Assertion" name="TryFacebook" time="5.058"/>
  <testcase classname="com.simplilearn.demo.Assertion" name="login" time="3.559"/>
</testsuite> <!-- Default test -->
