<?xml version="1.0" encoding="UTF-8"?>
<!-- Generated by org.testng.reporters.JUnitXMLReporter -->
<testsuite ignored="0" hostname="DESKTOP-M888G10" failures="0" tests="3" name="Test" time="16.497" errors="0" timestamp="2022-04-26T16:27:06 IST">
  <testcase classname="com.simplilearn.demo.Assertion" name="launch" time="7.953"/>
  <testcase classname="com.simplilearn.demo.Assertion" name="TryFacebook" time="4.936"/>
  <testcase classname="com.simplilearn.demo.Assertion" name="login" time="3.504"/>
</testsuite> <!-- Test -->
